d:\proiectsmm\proiectsmm\submarine\submarine\debug\vc142.pdb
d:\proiectsmm\proiectsmm\submarine\submarine\debug\vc142.idb
d:\proiectsmm\proiectsmm\submarine\submarine\debug\camera.obj
d:\proiectsmm\proiectsmm\submarine\submarine\debug\submarine.obj
d:\proiectsmm\proiectsmm\submarine\submarine\debug\shader.obj
d:\proiectsmm\proiectsmm\submarine\submarine\debug\skybox.obj
d:\proiectsmm\proiectsmm\submarine\submarine\debug\submarine.ilk
d:\proiectsmm\proiectsmm\submarine\debug\submarine.pdb
d:\proiectsmm\proiectsmm\submarine\submarine\debug\submarine.tlog\cl.command.1.tlog
d:\proiectsmm\proiectsmm\submarine\submarine\debug\submarine.tlog\cl.read.1.tlog
d:\proiectsmm\proiectsmm\submarine\submarine\debug\submarine.tlog\cl.write.1.tlog
d:\proiectsmm\proiectsmm\submarine\submarine\debug\submarine.tlog\link-cvtres.read.1.tlog
d:\proiectsmm\proiectsmm\submarine\submarine\debug\submarine.tlog\link-cvtres.write.1.tlog
d:\proiectsmm\proiectsmm\submarine\submarine\debug\submarine.tlog\link-rc.read.1.tlog
d:\proiectsmm\proiectsmm\submarine\submarine\debug\submarine.tlog\link-rc.write.1.tlog
d:\proiectsmm\proiectsmm\submarine\submarine\debug\submarine.tlog\link.18436-cvtres.read.1.tlog
d:\proiectsmm\proiectsmm\submarine\submarine\debug\submarine.tlog\link.18436-cvtres.write.1.tlog
d:\proiectsmm\proiectsmm\submarine\submarine\debug\submarine.tlog\link.18436-rc.read.1.tlog
d:\proiectsmm\proiectsmm\submarine\submarine\debug\submarine.tlog\link.18436-rc.write.1.tlog
d:\proiectsmm\proiectsmm\submarine\submarine\debug\submarine.tlog\link.18436.read.1.tlog
d:\proiectsmm\proiectsmm\submarine\submarine\debug\submarine.tlog\link.18436.write.1.tlog
d:\proiectsmm\proiectsmm\submarine\submarine\debug\submarine.tlog\link.command.1.tlog
d:\proiectsmm\proiectsmm\submarine\submarine\debug\submarine.tlog\link.delete.1.tlog
d:\proiectsmm\proiectsmm\submarine\submarine\debug\submarine.tlog\link.read.1.tlog
d:\proiectsmm\proiectsmm\submarine\submarine\debug\submarine.tlog\link.write.1.tlog
